2022-11-09 22:08:26,906 [Worker-8: Loading available Gradle versions] INFO  o.e.b.c.i.u.g.PublishedGradleVersions - Gradle version information cache is up-to-date. Trying to read.
2022-11-09 22:10:14,572 [Worker-8: Import Getting Started Content] INFO  o.e.m.c.i.l.LifecycleMappingFactory - Using org.eclipse.m2e.jdt.JarLifecycleMapping lifecycle mapping for MavenProject: com.daadestroyer:springboot-fullstack-react-bloggingapp:0.0.1-SNAPSHOT @ /Users/apple/Documents/Java/Projects/fullstack-blogging-application/02-backend/springboot-fullstack-react-bloggingapp/pom.xml.
2022-11-09 22:10:16,387 [Worker-8: Import Getting Started Content] INFO  o.e.m.j.i.AbstractJavaProjectConfigurator - Adding source folder /springboot-fullstack-react-bloggingapp/src/main/java
2022-11-09 22:10:16,387 [Worker-8: Import Getting Started Content] INFO  o.e.m.j.i.AbstractJavaProjectConfigurator - Adding resource folder /springboot-fullstack-react-bloggingapp/src/main/resources
2022-11-09 22:10:16,389 [Worker-8: Import Getting Started Content] INFO  o.e.m.j.i.AbstractJavaProjectConfigurator - Adding resource folder /springboot-fullstack-react-bloggingapp/src/main/resources
2022-11-09 22:10:16,392 [Worker-8: Import Getting Started Content] INFO  o.e.m.j.i.AbstractJavaProjectConfigurator - Adding source folder /springboot-fullstack-react-bloggingapp/src/test/java
2022-11-09 22:10:18,119 [Worker-8: Import Getting Started Content] INFO  o.e.m.c.i.p.ProjectConfigurationManager - Imported and configured 1 project(s) in 4 sec
2022-11-09 22:10:18,126 [Worker-8: Import Getting Started Content] INFO  o.e.m.c.i.p.ProjectConfigurationManager - Update started
2022-11-09 22:10:18,605 [Worker-8: Import Getting Started Content] INFO  o.e.m.c.i.l.LifecycleMappingFactory - Using org.eclipse.m2e.jdt.JarLifecycleMapping lifecycle mapping for MavenProject: com.daadestroyer:springboot-fullstack-react-bloggingapp:0.0.1-SNAPSHOT @ /Users/apple/Documents/Java/Projects/fullstack-blogging-application/02-backend/springboot-fullstack-react-bloggingapp/pom.xml.
2022-11-09 22:10:19,722 [Worker-8: Import Getting Started Content] INFO  o.e.m.j.i.AbstractJavaProjectConfigurator - Adding source folder /springboot-fullstack-react-bloggingapp/src/main/java
2022-11-09 22:10:19,724 [Worker-8: Import Getting Started Content] INFO  o.e.m.j.i.AbstractJavaProjectConfigurator - Adding resource folder /springboot-fullstack-react-bloggingapp/src/main/resources
2022-11-09 22:10:19,725 [Worker-8: Import Getting Started Content] INFO  o.e.m.j.i.AbstractJavaProjectConfigurator - Adding resource folder /springboot-fullstack-react-bloggingapp/src/main/resources
2022-11-09 22:10:19,726 [Worker-8: Import Getting Started Content] INFO  o.e.m.j.i.AbstractJavaProjectConfigurator - Adding source folder /springboot-fullstack-react-bloggingapp/src/test/java
2022-11-09 22:10:20,269 [Worker-8: Import Getting Started Content] INFO  o.e.m.c.i.p.ProjectConfigurationManager - Update completed: 2 sec
2022-11-09 22:10:20,878 [Worker-3: Building] INFO  o.e.m.c.i.embedder.EclipseLogger - Using 'UTF-8' encoding to copy filtered resources.
2022-11-09 22:10:20,878 [Worker-3: Building] INFO  o.e.m.c.i.embedder.EclipseLogger - Using 'UTF-8' encoding to copy filtered properties files.
2022-11-09 22:10:20,880 [Worker-3: Building] INFO  o.e.m.c.i.embedder.EclipseLogger - Copying 1 resource
2022-11-09 22:10:20,890 [Worker-3: Building] INFO  o.e.m.c.i.embedder.EclipseLogger - Copying 0 resource
2022-11-09 22:10:20,894 [Worker-3: Building] INFO  o.e.m.c.i.embedder.EclipseLogger - Using 'UTF-8' encoding to copy filtered resources.
2022-11-09 22:10:20,894 [Worker-3: Building] INFO  o.e.m.c.i.embedder.EclipseLogger - Using 'UTF-8' encoding to copy filtered properties files.
2022-11-09 22:10:20,894 [Worker-3: Building] INFO  o.e.m.c.i.embedder.EclipseLogger - skip non existing resourceDirectory /Users/apple/Documents/Java/Projects/fullstack-blogging-application/02-backend/springboot-fullstack-react-bloggingapp/src/test/resources
